2024/11/01 00:20:02 Index count: 0
2024/11/01 00:20:04 Index count: 1000000
2024/11/01 00:20:06 Index count: 2000000
2024/11/01 00:20:09 Index count: 3000000
2024/11/01 00:20:12 Index count: 4000000
2024/11/01 00:20:14 Index count: 5000000
2024/11/01 00:20:16 Index count: 6000000
2024/11/01 00:20:20 Index count: 7000000
2024/11/01 00:20:22 Index count: 8000000
2024/11/01 00:20:24 Index count: 9000000
2024/11/01 00:20:27 Index count: 10000000
2024/11/01 00:20:30 Index count: 11000000
2024/11/01 00:20:32 Index count: 12000000
2024/11/01 00:20:34 Index count: 13000000
2024/11/01 00:20:38 Index count: 14000000
2024/11/01 00:20:39 Edges count: 0
2024/11/01 00:20:41 Edges count: 1000000
2024/11/01 00:20:42 Edges count: 2000000
2024/11/01 00:20:43 Edges count: 3000000
2024/11/01 00:20:48 Edges count: 4000000
2024/11/01 00:20:50 Edges count: 5000000
2024/11/01 00:20:52 Edges count: 6000000
2024/11/01 00:20:53 Edges count: 7000000
2024/11/01 00:20:54 Edges count: 8000000
2024/11/01 00:20:55 Edges count: 9000000
2024/11/01 00:20:56 Edges count: 10000000
2024/11/01 00:20:57 Edges count: 11000000
2024/11/01 00:20:58 Edges count: 12000000
2024/11/01 00:20:59 Edges count: 13000000
2024/11/01 00:21:00 Edges count: 14000000
2024/11/01 00:21:01 Edges count: 15000000
2024/11/01 00:21:02 Edges count: 16000000
2024/11/01 00:21:03 Edges count: 17000000
2024/11/01 00:21:04 Edges count: 18000000
2024/11/01 00:21:05 Edges count: 19000000
2024/11/01 00:21:06 Edges count: 20000000
2024/11/01 00:21:08 Edges count: 21000000
2024/11/01 00:21:09 Edges count: 22000000
2024/11/01 00:21:09 Edges count: 23000000
2024/11/01 00:21:11 Edges count: 24000000
2024/11/01 00:21:12 Edges count: 25000000
2024/11/01 00:21:14 Edges count: 26000000
2024/11/01 00:21:15 Edges count: 27000000
2024/11/01 00:21:16 Edges count: 28000000
2024/11/01 00:21:17 Edges count: 29000000
2024/11/01 00:21:18 Edges count: 30000000
2024/11/01 00:21:19 Edges count: 31000000
2024/11/01 00:21:20 Edges count: 32000000
2024/11/01 00:21:21 Edges count: 33000000
2024/11/01 00:21:22 Edges count: 34000000
2024/11/01 00:21:23 Edges count: 35000000
2024/11/01 00:21:24 Edges count: 36000000
2024/11/01 00:21:25 Edges count: 37000000
2024/11/01 00:21:26 Edges count: 38000000
2024/11/01 00:21:27 Edges count: 39000000
2024/11/01 00:21:28 Edges count: 40000000
2024/11/01 00:21:29 Edges count: 41000000
2024/11/01 00:21:30 Edges count: 42000000
2024/11/01 00:21:31 Edges count: 43000000
2024/11/01 00:21:32 Edges count: 44000000
2024/11/01 00:21:33 Edges count: 45000000
2024/11/01 00:21:34 Edges count: 46000000
2024/11/01 00:21:35 Edges count: 47000000
2024/11/01 00:21:36 Edges count: 48000000
2024/11/01 00:21:37 Edges count: 49000000
2024/11/01 00:21:38 Edges count: 50000000
2024/11/01 00:21:40 Edges count: 51000000
2024/11/01 00:21:42 Edges count: 52000000
2024/11/01 00:21:43 Edges count: 53000000
2024/11/01 00:21:44 Edges count: 54000000
2024/11/01 00:21:45 Edges count: 55000000
2024/11/01 00:21:45 Edges count: 56000000
2024/11/01 00:21:46 Edges count: 57000000
2024/11/01 00:21:48 Edges count: 58000000
2024/11/01 00:21:49 Edges count: 59000000
2024/11/01 00:21:50 Edges count: 60000000
2024/11/01 00:21:51 Edges count: 61000000
2024/11/01 00:21:52 Edges count: 62000000
2024/11/01 00:21:53 Edges count: 63000000
2024/11/01 00:21:55 Edges count: 64000000
2024/11/01 00:21:56 Edges count: 65000000
2024/11/01 00:21:57 Edges count: 66000000
2024/11/01 00:21:59 Edges count: 67000000
2024/11/01 00:22:00 Edges count: 68000000
2024/11/01 00:22:02 Edges count: 69000000
2024/11/01 00:22:03 Edges count: 70000000
2024/11/01 00:22:48 Edges count: 71000000
2024/11/01 00:22:50 Edges count: 72000000
2024/11/01 00:22:51 Edges count: 73000000
2024/11/01 00:22:52 Edges count: 74000000
2024/11/01 00:22:53 Edges count: 75000000
2024/11/01 00:22:55 Edges count: 76000000
2024/11/01 00:22:57 Edges count: 77000000
2024/11/01 00:23:00 Edges count: 78000000
2024/11/01 00:23:01 Edges count: 79000000
2024/11/01 00:23:03 Edges count: 80000000
2024/11/01 00:23:05 Edges count: 81000000
2024/11/01 00:23:06 Edges count: 82000000
2024/11/01 00:23:07 Edges count: 83000000
2024/11/01 00:23:08 Edges count: 84000000
2024/11/01 00:23:10 Edges count: 85000000
2024/11/01 00:23:11 Edges count: 86000000
2024/11/01 00:23:13 Edges count: 87000000
2024/11/01 00:23:14 Edges count: 88000000
2024/11/01 00:23:16 Edges count: 89000000
2024/11/01 00:23:17 Edges count: 90000000
2024/11/01 00:23:19 Edges count: 91000000
2024/11/01 00:23:20 Edges count: 92000000
2024/11/01 00:23:21 Edges count: 93000000
2024/11/01 00:23:23 Edges count: 94000000
2024/11/01 00:23:24 Edges count: 95000000
2024/11/01 00:23:25 Edges count: 96000000
2024/11/01 00:23:27 Edges count: 97000000
2024/11/01 00:23:28 Edges count: 98000000
2024/11/01 00:23:30 Edges count: 99000000
2024/11/01 00:23:31 Edges count: 100000000
2024/11/01 00:23:32 Graph imported in 3m29.932644209s
2024/11/01 00:29:10 Error importing graph: error opening Index.csv: open 1/Index.csv: no such file or directory
2024/11/01 00:29:17 Index count: 0
2024/11/01 00:29:20 Index count: 1000000
2024/11/01 00:29:22 Index count: 2000000
2024/11/01 00:29:24 Index count: 3000000
2024/11/01 00:29:27 Index count: 4000000
2024/11/01 00:29:29 Index count: 5000000
2024/11/01 00:29:31 Index count: 6000000
2024/11/01 00:29:34 Index count: 7000000
2024/11/01 00:29:36 Index count: 8000000
2024/11/01 00:29:38 Index count: 9000000
2024/11/01 00:29:41 Index count: 10000000
2024/11/01 00:29:43 Index count: 11000000
2024/11/01 00:29:46 Index count: 12000000
2024/11/01 00:29:48 Index count: 13000000
2024/11/01 00:29:50 Index count: 14000000
2024/11/01 00:29:51 Edges count: 0
2024/11/01 00:29:53 Edges count: 1000000
2024/11/01 00:29:54 Edges count: 2000000
2024/11/01 00:29:55 Edges count: 3000000
2024/11/01 00:29:56 Edges count: 4000000
2024/11/01 00:29:59 Edges count: 5000000
2024/11/01 00:30:01 Edges count: 6000000
2024/11/01 00:30:02 Edges count: 7000000
2024/11/01 00:30:03 Edges count: 8000000
2024/11/01 00:30:04 Edges count: 9000000
2024/11/01 00:30:05 Edges count: 10000000
2024/11/01 00:30:06 Edges count: 11000000
2024/11/01 00:30:07 Edges count: 12000000
2024/11/01 00:30:08 Edges count: 13000000
2024/11/01 00:30:09 Edges count: 14000000
2024/11/01 00:30:10 Edges count: 15000000
2024/11/01 00:30:11 Edges count: 16000000
2024/11/01 00:30:12 Edges count: 17000000
2024/11/01 00:30:13 Edges count: 18000000
2024/11/01 00:30:14 Edges count: 19000000
2024/11/01 00:30:15 Edges count: 20000000
2024/11/01 00:30:16 Edges count: 21000000
2024/11/01 00:30:17 Edges count: 22000000
2024/11/01 00:30:18 Edges count: 23000000
2024/11/01 00:30:19 Edges count: 24000000
2024/11/01 00:30:20 Edges count: 25000000
2024/11/01 00:30:22 Edges count: 26000000
2024/11/01 00:30:23 Edges count: 27000000
2024/11/01 00:30:24 Edges count: 28000000
2024/11/01 00:30:26 Edges count: 29000000
2024/11/01 00:30:27 Edges count: 30000000
2024/11/01 00:30:28 Edges count: 31000000
2024/11/01 00:30:29 Edges count: 32000000
2024/11/01 00:30:30 Edges count: 33000000
2024/11/01 00:30:31 Edges count: 34000000
2024/11/01 00:30:32 Edges count: 35000000
2024/11/01 00:30:33 Edges count: 36000000
2024/11/01 00:30:34 Edges count: 37000000
2024/11/01 00:30:35 Edges count: 38000000
2024/11/01 00:30:36 Edges count: 39000000
2024/11/01 00:30:37 Edges count: 40000000
2024/11/01 00:30:38 Edges count: 41000000
2024/11/01 00:30:39 Edges count: 42000000
2024/11/01 00:30:40 Edges count: 43000000
2024/11/01 00:30:41 Edges count: 44000000
2024/11/01 00:30:42 Edges count: 45000000
2024/11/01 00:30:43 Edges count: 46000000
2024/11/01 00:30:44 Edges count: 47000000
2024/11/01 00:30:45 Edges count: 48000000
2024/11/01 00:30:46 Edges count: 49000000
2024/11/01 00:30:47 Edges count: 50000000
2024/11/01 00:30:49 Edges count: 51000000
2024/11/01 00:30:50 Edges count: 52000000
2024/11/01 00:30:51 Edges count: 53000000
2024/11/01 00:30:52 Edges count: 54000000
2024/11/01 00:30:53 Edges count: 55000000
2024/11/01 00:30:54 Edges count: 56000000
2024/11/01 00:30:55 Edges count: 57000000
2024/11/01 00:30:57 Edges count: 58000000
2024/11/01 00:30:58 Edges count: 59000000
2024/11/01 00:30:59 Edges count: 60000000
2024/11/01 00:31:00 Edges count: 61000000
2024/11/01 00:31:01 Edges count: 62000000
2024/11/01 00:31:02 Edges count: 63000000
2024/11/01 00:31:03 Edges count: 64000000
2024/11/01 00:31:04 Edges count: 65000000
2024/11/01 00:31:06 Edges count: 66000000
2024/11/01 00:31:07 Edges count: 67000000
2024/11/01 00:31:08 Edges count: 68000000
2024/11/01 00:31:09 Edges count: 69000000
2024/11/01 00:31:10 Edges count: 70000000
2024/11/01 00:31:11 Edges count: 71000000
2024/11/01 00:31:12 Edges count: 72000000
2024/11/01 00:31:40 Index count: 0
2024/11/01 00:31:42 Index count: 1000000
2024/11/01 00:31:45 Index count: 2000000
2024/11/01 00:31:47 Index count: 3000000
2024/11/01 00:31:49 Index count: 4000000
2024/11/01 00:31:52 Index count: 5000000
2024/11/01 00:31:54 Index count: 6000000
2024/11/01 00:31:57 Index count: 7000000
2024/11/01 00:32:00 Index count: 8000000
2024/11/01 00:32:02 Index count: 9000000
2024/11/01 00:32:04 Index count: 10000000
2024/11/01 00:32:06 Index count: 11000000
2024/11/01 00:32:09 Index count: 12000000
2024/11/01 00:32:11 Index count: 13000000
2024/11/01 00:32:14 Index count: 14000000
2024/11/01 00:32:15 Edges count: 0
2024/11/01 00:32:16 Edges count: 1000000
2024/11/01 00:32:18 Edges count: 2000000
2024/11/01 00:32:19 Edges count: 3000000
2024/11/01 00:32:20 Edges count: 4000000
2024/11/01 00:32:21 Edges count: 5000000
2024/11/01 00:32:22 Edges count: 6000000
2024/11/01 00:32:23 Edges count: 7000000
2024/11/01 00:32:24 Edges count: 8000000
2024/11/01 00:32:25 Edges count: 9000000
2024/11/01 00:32:26 Edges count: 10000000
2024/11/01 00:32:27 Edges count: 11000000
2024/11/01 00:32:28 Edges count: 12000000
2024/11/01 00:32:30 Edges count: 13000000
2024/11/01 00:32:31 Edges count: 14000000
2024/11/01 00:32:32 Edges count: 15000000
2024/11/01 00:32:33 Edges count: 16000000
2024/11/01 00:32:34 Edges count: 17000000
2024/11/01 00:32:35 Edges count: 18000000
2024/11/01 00:32:36 Edges count: 19000000
2024/11/01 00:32:37 Edges count: 20000000
2024/11/01 00:32:38 Edges count: 21000000
2024/11/01 00:32:39 Edges count: 22000000
2024/11/01 00:32:41 Edges count: 23000000
2024/11/01 00:32:44 Edges count: 24000000
2024/11/01 00:32:47 Edges count: 25000000
2024/11/01 00:32:49 Edges count: 26000000
2024/11/01 00:32:50 Edges count: 27000000
2024/11/01 00:32:51 Edges count: 28000000
2024/11/01 00:32:53 Edges count: 29000000
2024/11/01 00:32:54 Edges count: 30000000
2024/11/01 00:32:55 Edges count: 31000000
2024/11/01 00:32:56 Edges count: 32000000
2024/11/01 00:32:57 Edges count: 33000000
2024/11/01 00:32:58 Edges count: 34000000
2024/11/01 00:32:59 Edges count: 35000000
2024/11/01 00:33:00 Edges count: 36000000
2024/11/01 00:33:01 Edges count: 37000000
2024/11/01 00:33:03 Edges count: 38000000
2024/11/01 00:33:04 Edges count: 39000000
2024/11/01 00:33:05 Edges count: 40000000
2024/11/01 00:33:06 Edges count: 41000000
2024/11/01 00:33:07 Edges count: 42000000
2024/11/01 00:33:08 Edges count: 43000000
2024/11/01 00:33:09 Edges count: 44000000
2024/11/01 00:33:10 Edges count: 45000000
2024/11/01 00:33:11 Edges count: 46000000
2024/11/01 00:33:12 Edges count: 47000000
2024/11/01 00:33:13 Edges count: 48000000
2024/11/01 00:33:14 Edges count: 49000000
2024/11/01 00:33:15 Edges count: 50000000
2024/11/01 00:33:17 Edges count: 51000000
2024/11/01 00:33:18 Edges count: 52000000
2024/11/01 00:33:20 Edges count: 53000000
2024/11/01 00:33:21 Edges count: 54000000
2024/11/01 00:33:22 Edges count: 55000000
2024/11/01 00:33:23 Edges count: 56000000
2024/11/01 00:33:24 Edges count: 57000000
2024/11/01 00:33:25 Edges count: 58000000
2024/11/01 00:33:26 Edges count: 59000000
2024/11/01 00:33:27 Edges count: 60000000
2024/11/01 00:33:28 Edges count: 61000000
2024/11/01 00:33:29 Edges count: 62000000
2024/11/01 00:33:30 Edges count: 63000000
2024/11/01 00:33:31 Edges count: 64000000
2024/11/01 00:33:32 Edges count: 65000000
2024/11/01 00:33:33 Edges count: 66000000
2024/11/01 00:33:35 Edges count: 67000000
2024/11/01 00:33:36 Edges count: 68000000
2024/11/01 00:33:37 Edges count: 69000000
2024/11/01 00:33:38 Edges count: 70000000
2024/11/01 00:33:39 Edges count: 71000000
2024/11/01 00:33:40 Edges count: 72000000
2024/11/01 00:33:41 Edges count: 73000000
2024/11/01 00:33:42 Edges count: 74000000
2024/11/01 00:33:43 Edges count: 75000000
2024/11/01 00:33:44 Edges count: 76000000
2024/11/01 00:33:45 Edges count: 77000000
2024/11/01 00:33:46 Edges count: 78000000
2024/11/01 00:33:47 Edges count: 79000000
2024/11/01 00:33:48 Edges count: 80000000
2024/11/01 00:33:49 Edges count: 81000000
2024/11/01 00:33:50 Edges count: 82000000
2024/11/01 00:33:51 Edges count: 83000000
2024/11/01 00:33:52 Edges count: 84000000
2024/11/01 00:33:53 Edges count: 85000000
2024/11/01 00:33:55 Edges count: 86000000
2024/11/01 00:33:56 Edges count: 87000000
2024/11/01 00:33:57 Edges count: 88000000
2024/11/01 00:33:58 Edges count: 89000000
2024/11/01 00:33:59 Edges count: 90000000
2024/11/01 00:34:00 Edges count: 91000000
2024/11/01 00:34:01 Edges count: 92000000
2024/11/01 00:34:03 Edges count: 93000000
2024/11/01 00:34:04 Edges count: 94000000
2024/11/01 00:34:05 Edges count: 95000000
2024/11/01 00:34:06 Edges count: 96000000
2024/11/01 00:34:21 Edges count: 97000000
2024/11/01 00:34:52 Edges count: 98000000
2024/11/01 00:34:54 Edges count: 99000000
2024/11/01 00:34:56 Edges count: 100000000
2024/11/01 00:34:57 Graph imported in 3m16.6036345s
2024/11/01 00:34:57 HTTP server error: 0x141e6270150
2024/11/01 00:34:57 Starting server on port 3000 (Press 'q' to stop)
2024/11/01 00:37:36 http: superfluous response.WriteHeader call from movie-graph/internal/webServer.StartServer.func1 (server.go:58)
2024/11/01 00:50:22 Index count: 0
2024/11/01 00:50:24 Index count: 1000000
2024/11/01 00:50:26 Index count: 2000000
2024/11/01 00:50:28 Index count: 3000000
2024/11/01 00:50:31 Index count: 4000000
2024/11/01 00:50:33 Index count: 5000000
2024/11/01 00:50:35 Index count: 6000000
2024/11/01 00:50:38 Index count: 7000000
2024/11/01 00:50:40 Index count: 8000000
2024/11/01 00:50:42 Index count: 9000000
2024/11/01 00:50:45 Index count: 10000000
2024/11/01 00:50:47 Index count: 11000000
2024/11/01 00:50:49 Index count: 12000000
2024/11/01 00:50:52 Index count: 13000000
2024/11/01 00:50:54 Index count: 14000000
2024/11/01 00:50:55 Edges count: 0
2024/11/01 00:50:57 Edges count: 1000000
2024/11/01 00:50:58 Edges count: 2000000
2024/11/01 00:50:59 Edges count: 3000000
2024/11/01 00:51:01 Edges count: 4000000
2024/11/01 00:51:03 Edges count: 5000000
2024/11/01 00:51:05 Edges count: 6000000
2024/11/01 00:51:06 Edges count: 7000000
2024/11/01 00:51:07 Edges count: 8000000
2024/11/01 00:51:09 Edges count: 9000000
2024/11/01 00:51:10 Edges count: 10000000
2024/11/01 00:51:11 Edges count: 11000000
2024/11/01 00:51:12 Edges count: 12000000
2024/11/01 00:51:13 Edges count: 13000000
2024/11/01 00:51:14 Edges count: 14000000
2024/11/01 00:51:15 Edges count: 15000000
2024/11/01 00:51:16 Edges count: 16000000
2024/11/01 00:51:18 Edges count: 17000000
2024/11/01 00:51:19 Edges count: 18000000
2024/11/01 00:51:20 Edges count: 19000000
2024/11/01 00:51:21 Edges count: 20000000
2024/11/01 00:51:22 Edges count: 21000000
2024/11/01 00:51:23 Edges count: 22000000
2024/11/01 00:51:24 Edges count: 23000000
2024/11/01 00:51:25 Edges count: 24000000
2024/11/01 00:51:26 Edges count: 25000000
2024/11/01 00:51:28 Edges count: 26000000
2024/11/01 00:51:29 Edges count: 27000000
2024/11/01 00:51:30 Edges count: 28000000
2024/11/01 00:51:32 Edges count: 29000000
2024/11/01 00:51:33 Edges count: 30000000
2024/11/01 00:51:34 Edges count: 31000000
2024/11/01 00:51:35 Edges count: 32000000
2024/11/01 00:51:36 Edges count: 33000000
2024/11/01 00:51:37 Edges count: 34000000
2024/11/01 00:51:38 Edges count: 35000000
2024/11/01 00:51:39 Edges count: 36000000
2024/11/01 00:51:40 Edges count: 37000000
2024/11/01 00:51:41 Edges count: 38000000
2024/11/01 00:51:42 Edges count: 39000000
2024/11/01 00:51:43 Edges count: 40000000
2024/11/01 00:51:44 Edges count: 41000000
2024/11/01 00:51:45 Edges count: 42000000
2024/11/01 00:51:46 Edges count: 43000000
2024/11/01 00:51:47 Edges count: 44000000
2024/11/01 00:51:48 Edges count: 45000000
2024/11/01 00:51:49 Edges count: 46000000
2024/11/01 00:51:50 Edges count: 47000000
2024/11/01 00:51:51 Edges count: 48000000
2024/11/01 00:51:52 Edges count: 49000000
2024/11/01 00:51:53 Edges count: 50000000
2024/11/01 00:51:55 Edges count: 51000000
2024/11/01 00:51:56 Edges count: 52000000
2024/11/01 00:51:57 Edges count: 53000000
2024/11/01 00:51:58 Edges count: 54000000
2024/11/01 00:51:59 Edges count: 55000000
2024/11/01 00:52:00 Edges count: 56000000
2024/11/01 00:52:01 Edges count: 57000000
2024/11/01 00:52:03 Edges count: 58000000
2024/11/01 00:52:05 Edges count: 59000000
2024/11/01 00:52:06 Edges count: 60000000
2024/11/01 00:52:08 Edges count: 61000000
2024/11/01 00:52:09 Edges count: 62000000
2024/11/01 00:52:10 Edges count: 63000000
2024/11/01 00:52:11 Edges count: 64000000
2024/11/01 00:52:12 Edges count: 65000000
2024/11/01 00:52:14 Edges count: 66000000
2024/11/01 00:52:15 Edges count: 67000000
2024/11/01 00:52:16 Edges count: 68000000
2024/11/01 00:52:18 Edges count: 69000000
2024/11/01 00:52:19 Edges count: 70000000
2024/11/01 00:52:20 Edges count: 71000000
2024/11/01 00:53:25 Edges count: 72000000
2024/11/01 00:53:27 Edges count: 73000000
2024/11/01 00:53:29 Edges count: 74000000
2024/11/01 00:53:30 Edges count: 75000000
2024/11/01 00:53:31 Edges count: 76000000
2024/11/01 00:53:32 Edges count: 77000000
2024/11/01 00:53:34 Edges count: 78000000
2024/11/01 00:53:35 Edges count: 79000000
2024/11/01 00:53:37 Edges count: 80000000
2024/11/01 00:53:38 Edges count: 81000000
2024/11/01 00:53:39 Edges count: 82000000
2024/11/01 00:53:41 Edges count: 83000000
2024/11/01 00:53:42 Edges count: 84000000
2024/11/01 00:53:43 Edges count: 85000000
2024/11/01 00:53:44 Edges count: 86000000
2024/11/01 00:53:46 Edges count: 87000000
2024/11/01 00:53:49 Edges count: 88000000
2024/11/01 00:53:53 Edges count: 89000000
2024/11/01 00:53:55 Edges count: 90000000
2024/11/01 00:53:57 Edges count: 91000000
2024/11/01 00:53:59 Edges count: 92000000
2024/11/01 00:54:01 Edges count: 93000000
2024/11/01 00:54:03 Edges count: 94000000
2024/11/01 00:54:06 Edges count: 95000000
2024/11/01 00:54:09 Edges count: 96000000
2024/11/01 00:54:10 Edges count: 97000000
2024/11/01 00:54:13 Edges count: 98000000
2024/11/01 00:54:15 Edges count: 99000000
2024/11/01 00:54:17 Edges count: 100000000
2024/11/01 00:54:18 Graph imported in 3m56.294871334s
2024/11/01 00:54:18 HTTP server error: 0x142fd56e150
2024/11/01 00:54:18 Starting server on port 3000 (Press 'q' to stop)
2024/11/01 00:57:17 http: superfluous response.WriteHeader call from movie-graph/internal/webServer.StartServer.func1 (server.go:60)
2024/11/01 00:57:47 http: superfluous response.WriteHeader call from movie-graph/internal/webServer.StartServer.func1 (server.go:60)
2024/11/01 00:57:55 http: superfluous response.WriteHeader call from movie-graph/internal/webServer.StartServer.func1 (server.go:60)
2024/11/01 00:58:00 http: superfluous response.WriteHeader call from movie-graph/internal/webServer.StartServer.func1 (server.go:60)
2024/11/01 01:00:06 Index count: 0
2024/11/01 01:00:09 Index count: 1000000
2024/11/01 01:00:11 Index count: 2000000
2024/11/01 01:00:13 Index count: 3000000
2024/11/01 01:00:16 Index count: 4000000
2024/11/01 01:00:18 Index count: 5000000
2024/11/01 01:00:20 Index count: 6000000
2024/11/01 01:00:23 Index count: 7000000
2024/11/01 01:00:25 Index count: 8000000
2024/11/01 01:00:27 Index count: 9000000
2024/11/01 01:00:30 Index count: 10000000
2024/11/01 01:00:32 Index count: 11000000
2024/11/01 01:00:34 Index count: 12000000
2024/11/01 01:00:36 Index count: 13000000
2024/11/01 01:00:40 Index count: 14000000
2024/11/01 01:00:40 Edges count: 0
2024/11/01 01:00:43 Edges count: 1000000
2024/11/01 01:00:45 Edges count: 2000000
2024/11/01 01:00:47 Edges count: 3000000
2024/11/01 01:00:48 Edges count: 4000000
2024/11/01 01:00:49 Edges count: 5000000
2024/11/01 01:00:50 Edges count: 6000000
2024/11/01 01:00:51 Edges count: 7000000
2024/11/01 01:00:52 Edges count: 8000000
2024/11/01 01:00:55 Edges count: 9000000
2024/11/01 01:00:56 Edges count: 10000000
2024/11/01 01:00:57 Edges count: 11000000
2024/11/01 01:00:58 Edges count: 12000000
2024/11/01 01:00:59 Edges count: 13000000
2024/11/01 01:01:00 Edges count: 14000000
2024/11/01 01:01:01 Edges count: 15000000
2024/11/01 01:01:02 Edges count: 16000000
2024/11/01 01:01:03 Edges count: 17000000
2024/11/01 01:01:04 Edges count: 18000000
2024/11/01 01:01:05 Edges count: 19000000
2024/11/01 01:01:06 Edges count: 20000000
2024/11/01 01:01:07 Edges count: 21000000
2024/11/01 01:01:08 Edges count: 22000000
2024/11/01 01:01:09 Edges count: 23000000
2024/11/01 01:01:10 Edges count: 24000000
2024/11/01 01:01:12 Edges count: 25000000
2024/11/01 01:01:14 Edges count: 26000000
2024/11/01 01:01:15 Edges count: 27000000
2024/11/01 01:01:16 Edges count: 28000000
2024/11/01 01:01:17 Edges count: 29000000
2024/11/01 01:01:18 Edges count: 30000000
2024/11/01 01:01:19 Edges count: 31000000
2024/11/01 01:01:20 Edges count: 32000000
2024/11/01 01:01:21 Edges count: 33000000
2024/11/01 01:01:22 Edges count: 34000000
2024/11/01 01:01:23 Edges count: 35000000
2024/11/01 01:01:24 Edges count: 36000000
2024/11/01 01:01:26 Edges count: 37000000
2024/11/01 01:01:27 Edges count: 38000000
2024/11/01 01:01:28 Edges count: 39000000
2024/11/01 01:01:29 Edges count: 40000000
2024/11/01 01:01:31 Edges count: 41000000
2024/11/01 01:01:32 Edges count: 42000000
2024/11/01 01:01:33 Edges count: 43000000
2024/11/01 01:01:34 Edges count: 44000000
2024/11/01 01:01:35 Edges count: 45000000
2024/11/01 01:01:36 Edges count: 46000000
2024/11/01 01:01:37 Edges count: 47000000
2024/11/01 01:01:38 Edges count: 48000000
2024/11/01 01:01:39 Edges count: 49000000
2024/11/01 01:01:40 Edges count: 50000000
2024/11/01 01:01:42 Edges count: 51000000
2024/11/01 01:01:44 Edges count: 52000000
2024/11/01 01:01:45 Edges count: 53000000
2024/11/01 01:01:46 Edges count: 54000000
2024/11/01 01:01:47 Edges count: 55000000
2024/11/01 01:01:48 Edges count: 56000000
2024/11/01 01:01:50 Edges count: 57000000
2024/11/01 01:01:52 Edges count: 58000000
2024/11/01 01:01:53 Edges count: 59000000
2024/11/01 01:01:54 Edges count: 60000000
2024/11/01 01:01:56 Edges count: 61000000
2024/11/01 01:01:57 Edges count: 62000000
2024/11/01 01:01:58 Edges count: 63000000
2024/11/01 01:02:00 Edges count: 64000000
2024/11/01 01:02:02 Edges count: 65000000
2024/11/01 01:02:04 Edges count: 66000000
2024/11/01 01:02:06 Edges count: 67000000
2024/11/01 01:02:09 Edges count: 68000000
2024/11/01 01:03:08 Edges count: 69000000
2024/11/01 01:03:10 Edges count: 70000000
2024/11/01 01:03:11 Edges count: 71000000
2024/11/01 01:03:13 Edges count: 72000000
2024/11/01 01:03:14 Edges count: 73000000
2024/11/01 01:03:16 Edges count: 74000000
2024/11/01 01:03:18 Edges count: 75000000
2024/11/01 01:03:20 Edges count: 76000000
2024/11/01 01:03:22 Edges count: 77000000
2024/11/01 01:03:24 Edges count: 78000000
2024/11/01 01:03:25 Edges count: 79000000
2024/11/01 01:03:27 Edges count: 80000000
2024/11/01 01:03:29 Edges count: 81000000
2024/11/01 01:03:30 Edges count: 82000000
2024/11/01 01:03:32 Edges count: 83000000
2024/11/01 01:03:33 Edges count: 84000000
2024/11/01 01:03:35 Edges count: 85000000
2024/11/01 01:03:37 Edges count: 86000000
2024/11/01 01:03:38 Edges count: 87000000
2024/11/01 01:03:40 Edges count: 88000000
2024/11/01 01:03:42 Edges count: 89000000
2024/11/01 01:03:43 Edges count: 90000000
2024/11/01 01:03:45 Edges count: 91000000
2024/11/01 01:03:47 Edges count: 92000000
2024/11/01 01:03:48 Edges count: 93000000
2024/11/01 01:03:50 Edges count: 94000000
2024/11/01 01:03:52 Edges count: 95000000
2024/11/01 01:03:54 Edges count: 96000000
2024/11/01 01:03:56 Edges count: 97000000
2024/11/01 01:03:58 Edges count: 98000000
2024/11/01 01:03:59 Edges count: 99000000
2024/11/01 01:04:01 Edges count: 100000000
2024/11/01 01:04:02 Graph imported in 3m55.584882083s
2024/11/01 01:04:02 HTTP server error: 0x142f730e070
2024/11/01 01:04:02 Starting server on port 3000 (Press 'q' to stop)
